{"type": "category", "name": "AI", "timestamp": "2025-06-18 05:52:21.172559"}
{"type": "category", "name": "Website optimization", "timestamp": "2025-06-18 05:52:21.173169"}
{"type": "category", "name": "Digital diagnostics", "timestamp": "2025-06-18 05:52:21.173607"}
{"type": "tag", "name": "AI-powered", "timestamp": "2025-06-18 05:52:21.173971"}
{"type": "tag", "name": "Website analysis", "timestamp": "2025-06-18 05:52:21.174391"}
{"type": "tag", "name": "SEO improvement", "timestamp": "2025-06-18 05:52:21.174792"}
{"type": "tag", "name": "Security assessment", "timestamp": "2025-06-18 05:52:21.175217"}
{"type": "feature", "name": "AI-powered analysis", "timestamp": "2025-06-18 05:52:21.175517"}
{"type": "feature", "name": "Comprehensive website diagnostics", "timestamp": "2025-06-18 05:52:21.175958"}
{"type": "feature", "name": "Actionable recommendations", "timestamp": "2025-06-18 05:52:21.176326"}
{"type": "feature", "name": "User-friendly interface", "timestamp": "2025-06-18 05:52:21.176655"}
{"type": "feature", "name": "No extensive technical knowledge required", "timestamp": "2025-06-18 05:52:21.177117"}
{"type": "category", "name": "AI Tools", "timestamp": "2025-06-18 05:54:19.901019"}
{"type": "category", "name": "Software Testing", "timestamp": "2025-06-18 05:54:19.901546"}
{"type": "tag", "name": "AI", "timestamp": "2025-06-18 05:54:19.901903"}
{"type": "tag", "name": "Software Testing", "timestamp": "2025-06-18 05:54:19.902386"}
{"type": "tag", "name": "Automation", "timestamp": "2025-06-18 05:54:19.903316"}
{"type": "feature", "name": "Test Case Generation", "timestamp": "2025-06-18 05:54:19.903881"}
{"type": "feature", "name": "Detailed Test Plans", "timestamp": "2025-06-18 05:54:19.904315"}
{"type": "feature", "name": "Application Functionality Descriptions", "timestamp": "2025-06-18 05:54:19.904877"}
{"type": "feature", "name": "Scenario and Test Case Devise", "timestamp": "2025-06-18 05:54:19.905374"}
{"type": "feature", "name": "Regression Testing Assistance", "timestamp": "2025-06-18 05:54:19.905900"}
{"type": "feature", "name": "Unit Test Creation", "timestamp": "2025-06-18 05:54:19.906275"}
{"type": "feature", "name": "Automated Test Management Recommendations", "timestamp": "2025-06-18 05:54:19.906884"}
{"type": "feature", "name": "Code Explanation", "timestamp": "2025-06-18 05:54:19.907266"}
{"type": "category", "name": "AI testing tools", "timestamp": "2025-06-18 05:55:23.007828"}
{"type": "category", "name": "Software testing automation", "timestamp": "2025-06-18 05:55:23.008579"}
{"type": "tag", "name": "AI automation", "timestamp": "2025-06-18 05:55:23.009268"}
{"type": "tag", "name": "Machine learning", "timestamp": "2025-06-18 05:55:23.009837"}
{"type": "tag", "name": "Software quality assurance", "timestamp": "2025-06-18 05:55:23.011045"}
{"type": "feature", "name": "AI-supported testing", "timestamp": "2025-06-18 05:55:23.011863"}
{"type": "feature", "name": "Dynamic object identification", "timestamp": "2025-06-18 05:55:23.012875"}
{"type": "feature", "name": "Predictive analytics", "timestamp": "2025-06-18 05:55:23.013525"}
{"type": "feature", "name": "Adaptive UI interaction", "timestamp": "2025-06-18 05:55:23.014364"}
